<component name="libraryTable">
  <library name="junit">
    <CLASSES>
      <root url="jar://$PROJECT_DIR$/../../java_console/lib/junit.jar!/" />
    </CLASSES>
    <JAVADOC />
    <SOURCES>
      <root url="jar://$PROJECT_DIR$/../../java_console/lib/junit-src.jar!/" />
    </SOURCES>
  </library>
</component>